{
  "stats": {
    "suites": 1,
    "tests": 3,
    "passes": 3,
    "pending": 0,
    "failures": 0,
    "start": "2023-06-30T18:13:35.345Z",
    "end": "2023-06-30T18:13:36.552Z",
    "duration": 1207,
    "testsRegistered": 3,
    "passPercent": 100,
    "pendingPercent": 0,
    "other": 0,
    "hasOther": false,
    "skipped": 0,
    "hasSkipped": false
  },
  "results": [
    {
      "uuid": "6514fc97-eeb9-4652-b9b9-9af485228796",
      "title": "",
      "fullFile": "cypress\\e2e\\spec.cy.js",
      "file": "cypress\\e2e\\spec.cy.js",
      "beforeHooks": [],
      "afterHooks": [],
      "tests": [],
      "suites": [
        {
          "uuid": "9a8890ef-42a5-4a7c-98ae-ccdbecfbcb67",
          "title": "Landing Page",
          "fullFile": "",
          "file": "",
          "beforeHooks": [],
          "afterHooks": [],
          "tests": [
            {
              "title": "displays the text \"Hello World!\" as the main heading",
              "fullTitle": "Landing Page displays the text \"Hello World!\" as the main heading",
              "timedOut": null,
              "duration": 742,
              "state": "passed",
              "speed": "fast",
              "pass": true,
              "fail": false,
              "pending": false,
              "context": null,
              "code": "cy.contains('h1', 'Hello World!').should('be.visible');",
              "err": {},
              "uuid": "45cc4fdf-2d5c-400d-8128-4617cbcabe2b",
              "parentUUID": "9a8890ef-42a5-4a7c-98ae-ccdbecfbcb67",
              "isHook": false,
              "skipped": false
            },
            {
              "title": "verifies the text \"Hello World!\" is properly styled",
              "fullTitle": "Landing Page verifies the text \"Hello World!\" is properly styled",
              "timedOut": null,
              "duration": 221,
              "state": "passed",
              "speed": "fast",
              "pass": true,
              "fail": false,
              "pending": false,
              "context": null,
              "code": "cy.contains('h1', 'Hello World!').should('have.css', 'font-size', '32px').should('have.css', 'font-family', '-apple-system, BlinkMacSystemFont, \"Segoe UI\", Roboto, Oxygen, Ubuntu, Cantarell, \"Fira Sans\", \"Droid Sans\", \"Helvetica Neue\", sans-serif').should('have.css', 'text-align', 'center');",
              "err": {},
              "uuid": "b4f539d6-eb8e-4e32-93ce-99d428af5ad2",
              "parentUUID": "9a8890ef-42a5-4a7c-98ae-ccdbecfbcb67",
              "isHook": false,
              "skipped": false
            },
            {
              "title": "verifies that the landing page loads efficiently",
              "fullTitle": "Landing Page verifies that the landing page loads efficiently",
              "timedOut": null,
              "duration": 196,
              "state": "passed",
              "speed": "fast",
              "pass": true,
              "fail": false,
              "pending": false,
              "context": null,
              "code": "cy.window().then(win => {\n  const {\n    performance\n  } = win;\n  if (performance) {\n    const {\n      timing\n    } = performance;\n    expect(timing.responseEnd - timing.navigationStart).to.be.lessThan(2000); // Adjust the threshold as per your requirements\n  }\n});",
              "err": {},
              "uuid": "16d699b2-ff3d-4ba0-b795-affa343f10e6",
              "parentUUID": "9a8890ef-42a5-4a7c-98ae-ccdbecfbcb67",
              "isHook": false,
              "skipped": false
            }
          ],
          "suites": [],
          "passes": [
            "45cc4fdf-2d5c-400d-8128-4617cbcabe2b",
            "b4f539d6-eb8e-4e32-93ce-99d428af5ad2",
            "16d699b2-ff3d-4ba0-b795-affa343f10e6"
          ],
          "failures": [],
          "pending": [],
          "skipped": [],
          "duration": 1159,
          "root": false,
          "rootEmpty": false,
          "_timeout": 2000
        }
      ],
      "passes": [],
      "failures": [],
      "pending": [],
      "skipped": [],
      "duration": 0,
      "root": true,
      "rootEmpty": true,
      "_timeout": 2000
    }
  ],
  "meta": {
    "mocha": {
      "version": "7.0.1"
    },
    "mochawesome": {
      "options": {
        "quiet": false,
        "reportFilename": "mochawesome",
        "saveHtml": false,
        "saveJson": true,
        "consoleReporter": "spec",
        "useInlineDiffs": false,
        "code": true
      },
      "version": "7.1.3"
    },
    "marge": {
      "options": {
        "reportDir": "cypress/reports",
        "overwrite": false,
        "html": false,
        "json": true
      },
      "version": "6.2.0"
    }
  }
}